This is XeTeX, Version 3.1415926-2.5-0.9999.3 (TeX Live 2013/Debian) (format=xelatex 2016.2.27)  5 MAR 2016 22:08
entering extended mode
 restricted \write18 enabled.
 %&-line parsing enabled.
**\makeatletter\def\HCode{\futurelet\HCode\HChar}\def\HChar{\ifx"\HCode\def\HCo
de"##1"{\Link##1}\expandafter\HCode\else\expandafter\Link\fi}\def\Link#1.a.b.c.
{\g@addto@macro\@documentclasshook{\RequirePackage[#1,html]{tex4ht}}\let\HCode\
documentstyle\def\documentstyle{\let\documentstyle\HCode\expandafter\def\csname
 tex4ht\endcsname{#1,html}\def\HCode####1{\documentstyle[tex4ht,}\@ifnextchar[{
\HCode}{\documentstyle[tex4ht]}}}\makeatother\HCode .a.b.c.\input

*
! Interruption.
<*> 
    
? 
(/usr/share/texlive/texmf-dist/tex/latex/tools/.tex File ignored)
(Please type a command or say `\end')
*\end

*\end
! TeX capacity exceeded, sorry [input stack size=5000].
\end #1->\csname end#1
                      \endcsname \@checkend {#1}\expandafter \endgroup \if@e...
<*> \end
        
If you really absolutely need more capacity,
you can ask a wizard to enlarge me.

 
Here is how much of TeX's memory you used:
 7 strings out of 493918
 170 string characters out of 6150563
 52875 words of memory out of 5000000
 3431 multiletter control sequences out of 15000+600000
 3640 words of font info for 14 fonts, out of 8000000 for 9000
 1144 hyphenation exceptions out of 8191
 5000i,0n,5000p,80b,8s stack positions out of 5000i,500n,10000p,200000b,80000s
No pages of output.
